<?xml version="1.0" encoding="UTF-8"?>
<!-- Generated by org.testng.reporters.JUnitReportReporter -->
<testsuite hostname="DESKTOP-DJNFK38" failures="0" tests="1" name="com.actitime_automation.jan_06_2025.ReportsEx1" time="0.014" errors="0" timestamp="2025-02-02T20:55:41 IST" skipped="0">
  <testcase classname="com.actitime_automation.jan_06_2025.ReportsEx1" name="logout" time="0.014"/>
</testsuite> <!-- com.actitime_automation.jan_06_2025.ReportsEx1 -->
