<?xml version="1.0" encoding="UTF-8"?>
<!-- Generated by org.testng.reporters.JUnitReportReporter -->
<testsuite hostname="DESKTOP-DJNFK38" failures="0" tests="3" name="com.actitime_automation.jan_04_2025.AccountsEx1" time="0.016" errors="0" timestamp="2025-02-02T20:20:48 IST" skipped="0">
  <testcase classname="com.actitime_automation.jan_04_2025.AccountsEx1" name="deleteAccount" time="0.016"/>
  <testcase classname="com.actitime_automation.jan_04_2025.AccountsEx1" name="updateAccount" time="0.000"/>
  <testcase classname="com.actitime_automation.jan_04_2025.AccountsEx1" name="addAccount" time="0.000"/>
</testsuite> <!-- com.actitime_automation.jan_04_2025.AccountsEx1 -->
