<?xml version="1.0" encoding="UTF-8"?>
<!-- Generated by org.testng.reporters.JUnitReportReporter -->
<testsuite hostname="DESKTOP-DJNFK38" failures="0" tests="2" name="com.actitime_automation.jan_08_2025.ParaEx2" time="19.395" errors="0" timestamp="2025-02-05T16:21:03 IST" skipped="0">
  <testcase classname="com.actitime_automation.jan_08_2025.ParaEx2" name="googleEx" time="10.669"/>
  <testcase classname="com.actitime_automation.jan_08_2025.ParaEx2" name="facebookEx" time="8.726"/>
</testsuite> <!-- com.actitime_automation.jan_08_2025.ParaEx2 -->
