<?xml version="1.0" encoding="UTF-8"?>
<!-- Generated by org.testng.reporters.JUnitReportReporter -->
<testsuite hostname="DESKTOP-DJNFK38" failures="0" tests="1" name="com.actitime_automation.jan_02_2025.Ex1" time="0.000" errors="0" timestamp="2025-02-02T17:47:32 IST" skipped="0">
  <testcase classname="com.actitime_automation.jan_02_2025.Ex1" name="Testmethod" time="0.000"/>
</testsuite> <!-- com.actitime_automation.jan_02_2025.Ex1 -->
