<?xml version="1.0" encoding="UTF-8"?>
<!-- Generated by org.testng.reporters.JUnitReportReporter -->
<testsuite hostname="DESKTOP-DJNFK38" failures="0" tests="1" name="com.actitime_automation.jan_08_2025.ParaEx3" time="6.396" errors="0" timestamp="2025-02-05T16:21:03 IST" skipped="0">
  <testcase classname="com.actitime_automation.jan_08_2025.ParaEx3" name="googleEx" time="6.396"/>
</testsuite> <!-- com.actitime_automation.jan_08_2025.ParaEx3 -->
